============================= test session starts ==============================
platform darwin -- Python 3.14.3, pytest-9.0.3, pluggy-1.6.0
rootdir: /Users/kimyong/WorkSpace/chatbot/.worktrees/autonomy-main-v3/implementer
plugins: cov-7.1.0, asyncio-1.3.0, anyio-4.13.0
asyncio: mode=Mode.STRICT, debug=False, asyncio_default_fixture_loop_scope=None, asyncio_default_test_loop_scope=function
collected 200 items

tests/test_harness_autonomy.py ......................................... [ 20%]
........................................................................ [ 56%]
................................................                         [ 80%]
tests/test_harness_guard.py ..............................               [ 95%]
tests/test_routing.py ...                                                [ 97%]
tests/test_contracts.py ...                                              [ 98%]
tests/test_prompts_planner.py ...                                        [100%]

================================ tests coverage ================================
_______________ coverage: platform darwin, python 3.14.3-final-0 _______________

Name                                              Stmts   Miss  Cover   Missing
-------------------------------------------------------------------------------
scripts/harness_autonomy/__init__.py                 17      0   100%
scripts/harness_autonomy/contracts.py               564     96    83%   20, 26, 33, 52, 56-57, 65, 93-96, 111, 115, 118, 120, 122, 136, 168, 177, 182-184, 193, 195, 206-207, 217, 221-222, 232, 235-236, 266-268, 273-274, 297, 340, 365-366, 383, 398, 402-408, 440-441, 447, 456, 462-463, 510, 515-517, 536, 552-562, 565-576, 612, 741, 745-746, 749-750, 754-756, 758-759, 786, 788, 791, 793, 795, 800, 842, 905, 920, 999-1000, 1014, 1024, 1029, 1034, 1041, 1046
scripts/harness_autonomy/control.py                 139     22    84%   47, 74-75, 83-88, 121, 145, 148, 164, 196, 256, 340-353
scripts/harness_autonomy/core.py                   4428   1715    61%   287, 579-582, 585-588, 678-684, 688-689, 700, 702, 712, 733-734, 753, 757, 767-769, 773, 777-778, 782-783, 787-792, 801, 810-812, 821, 834, 844, 849, 868, 873-874, 889, 897, 939, 942, 979, 982, 985, 992, 994, 997, 1007, 1010, 1012, 1014, 1018, 1020, 1023, 1041-1042, 1061, 1063-1064, 1066-1067, 1072-1073, 1078-1114, 1129-1143, 1152-1169, 1175, 1179, 1196-1198, 1210-1238, 1242-1320, 1324-1336, 1340-1341, 1345-1352, 1356-1376, 1386-1461, 1465-1475, 1479-1493, 1497-1507, 1511-1526, 1530-1534, 1538-1567, 1571, 1575-1582, 1586-1587, 1591-1601, 1605-1620, 1624-1684, 1693-1710, 1718, 1726-1747, 1767, 1783-1868, 1878-1883, 1887, 1907, 1940, 2009, 2011-2012, 2083, 2107, 2143, 2211-2219, 2224, 2227, 2232, 2237, 2243-2244, 2246-2248, 2250-2252, 2254-2257, 2259-2261, 2266-2288, 2303, 2311, 2315, 2325, 2347-2349, 2376-2377, 2394, 2400-2481, 2568-2569, 2587, 2590, 2616, 2619-2620, 2638-2639, 2645, 2649, 2693, 2709-2712, 2723-2726, 2737, 2753-2756, 2796-2798, 2802-2804, 2808, 2822, 2824-2825, 2827, 2831, 2863-2864, 2877-2878, 2892, 2904-2905, 2910, 2913, 2916-2917, 2962-2963, 2967-2975, 2996, 3003-3004, 3009-3010, 3020-3021, 3064, 3069, 3078, 3085, 3129-3130, 3166, 3168, 3177, 3197, 3229, 3233, 3282, 3287, 3304-3306, 3317-3318, 3329-3330, 3365-3366, 3371-3383, 3386-3387, 3394-3395, 3406-3417, 3431, 3445-3446, 3449-3450, 3454-3455, 3458-3459, 3462-3463, 3465, 3481-3482, 3488-3489, 3492-3496, 3508-3509, 3511, 3529-3531, 3540, 3551-3552, 3596-3600, 3638, 3656-4117, 4129, 4149, 4151, 4157, 4184-4185, 4196, 4237-4239, 4251-4263, 4267, 4293, 4302, 4308, 4313-4351, 4355-4356, 4372-4378, 4384, 4404-4405, 4438, 4450, 4470, 4474, 4490-4492, 4551, 4565, 4588, 4602, 4614-4619, 4649, 4672-4679, 4705, 4718-4741, 4747-4791, 4811-4872, 4935-4967, 4977-5046, 5103-5109, 5115-5124, 5129, 5133, 5135, 5141, 5143, 5167-5169, 5181, 5201-5203, 5221, 5230, 5237, 5254-5265, 5349-5436, 5468-5621, 5625-5628, 5655-5703, 5717, 5745-5760, 5768, 5791-5802, 5886-5951, 5958-5987, 5999-6045, 6059-6163, 6197, 6204-6205, 6208-6209, 6212-6215, 6223-6226, 6233, 6242-6243, 6247-6248, 6257, 6326, 6363, 6388, 6403-6405, 6428, 6444, 6448, 6452, 6455, 6461, 6469, 6473, 6481, 6487, 6489, 6509, 6518, 6524, 6529, 6533-6535, 6549, 6553-6556, 6574, 6578-6581, 6591-6595, 6605, 6608, 6633, 6638, 6643, 6648, 6653, 6658, 6666, 6690, 6698, 6710, 6714-6715, 6749, 6765-6770, 6779-6787, 6805, 6816, 6856, 6860, 6865-6872, 6903-6908, 6928, 6959, 6969, 6987-6991, 7013, 7042-7046, 7076, 7092-7098, 7119, 7126, 7128, 7130, 7132, 7134, 7136, 7138, 7140, 7150, 7156, 7179, 7195-7200, 7202-7205, 7265-7274, 7278, 7282, 7305, 7395, 7397, 7400, 7409, 7417, 7419, 7502-7505, 7507-7510, 7521-7522, 7524-7525, 7564, 7572-7573, 7618-7619, 7665, 7680-7681, 7838, 7844-7857, 7935, 7937, 7939, 7941, 7951, 7962, 8055-8059, 8073, 8082, 8104-8105, 8118-8130, 8198, 8214-8215, 8269-8289, 8326, 8349-8391, 8572, 8589, 8591, 8593-8596, 8598-8599, 8601-8604, 8624, 8649, 8660-8801, 8989, 9002, 9005-9047, 9132-9143, 9147-9148
scripts/harness_autonomy/cycle.py                    12      0   100%
scripts/harness_autonomy/evidence.py                103      6    94%   25, 27, 92, 148, 180, 185
scripts/harness_autonomy/live_status.py             235     23    90%   103, 109-110, 112-114, 116-118, 120-123, 125-127, 176, 205, 208-211, 399, 407
scripts/harness_autonomy/manifest.py                180     50    72%   191, 196-200, 204-233, 242-260, 265, 274-280, 304, 339, 348, 351, 357, 359, 361, 369
scripts/harness_autonomy/model_strategy.py           92      4    96%   36, 57, 120, 167
scripts/harness_autonomy/prompts/__init__.py         49      1    98%   109
scripts/harness_autonomy/prompts/implementer.py       3      0   100%
scripts/harness_autonomy/prompts/manager.py           3      0   100%
scripts/harness_autonomy/prompts/planner.py           3      0   100%
scripts/harness_autonomy/prompts/reviewer.py          3      0   100%
scripts/harness_autonomy/prompts/verifier.py          3      0   100%
scripts/harness_autonomy/reflection.py              139     11    92%   114, 123-124, 171-172, 203, 206, 224, 229, 309, 346
scripts/harness_autonomy/routing.py                 425     48    89%   42, 44, 46, 62, 73-78, 82-87, 104, 187-188, 241, 283, 344, 350, 409-410, 412-417, 435-436, 640, 646, 766, 805, 872, 880, 888-889, 897, 910, 1043-1044, 1071, 1076, 1079, 1084
scripts/harness_autonomy/skills.py                   60      4    93%   35-38
-------------------------------------------------------------------------------
TOTAL                                              6458   1980    69%
Coverage XML written to file coverage.xml
============================= 200 passed in 9.17s ==============================
